<?xml version="1.0" encoding="UTF-8"?>
<testng-results ignored="0" total="1" passed="1" failed="0" skipped="0">
  <reporter-output>
  </reporter-output>
  <suite started-at="2024-07-25T10:22:47 IST" name="Default suite" finished-at="2024-07-25T10:22:56 IST" duration-ms="8934">
    <groups>
    </groups>
    <test started-at="2024-07-25T10:22:47 IST" name="Default test" finished-at="2024-07-25T10:22:56 IST" duration-ms="8934">
      <class name="demo.screen">
        <test-method signature="m1()[pri:0, instance:demo.screen@350aac89]" started-at="2024-07-25T10:22:47 IST" name="m1" finished-at="2024-07-25T10:22:56 IST" duration-ms="8879" status="PASS">
          <reporter-output>
          </reporter-output>
        </test-method> <!-- m1 -->
      </class> <!-- demo.screen -->
    </test> <!-- Default test -->
  </suite> <!-- Default suite -->
</testng-results>
